This file contains any messages produced by compilers while
running configure, to aid debugging if configure makes a mistake.

It was created by lxde-settings-daemon configure 0.4, which was
generated by GNU Autoconf 2.61.  Invocation command line was

  $ ./configure --prefix=/usr

## --------- ##
## Platform. ##
## --------- ##

hostname = thinkpad
uname -m = i686
uname -r = 2.6.27-7-generic
uname -s = Linux
uname -v = #1 SMP Tue Nov 4 19:33:20 UTC 2008

/usr/bin/uname -p = unknown
/bin/uname -X     = unknown

/bin/arch              = unknown
/usr/bin/arch -k       = unknown
/usr/convex/getsysinfo = unknown
/usr/bin/hostinfo      = unknown
/bin/machine           = unknown
/usr/bin/oslevel       = unknown
/bin/universe          = unknown

PATH: /usr/local/sbin
PATH: /usr/local/bin
PATH: /usr/sbin
PATH: /usr/bin
PATH: /sbin
PATH: /bin
PATH: /usr/games


## ----------- ##
## Core tests. ##
## ----------- ##

configure:1792: checking for a BSD-compatible install
configure:1848: result: /usr/bin/install -c
configure:1859: checking whether build environment is sane
configure:1902: result: yes
configure:1930: checking for a thread-safe mkdir -p
configure:1969: result: /bin/mkdir -p
configure:1982: checking for gawk
configure:2012: result: no
configure:1982: checking for mawk
configure:1998: found /usr/bin/mawk
configure:2009: result: mawk
configure:2020: checking whether make sets $(MAKE)
configure:2041: result: yes
configure:2248: checking for a BSD-compatible install
configure:2304: result: /usr/bin/install -c
configure:2315: checking whether ln -s works
configure:2319: result: yes
configure:2338: checking for style of include used by make
configure:2366: result: GNU
configure:2436: checking for gcc
configure:2452: found /usr/bin/gcc
configure:2463: result: gcc
configure:2701: checking for C compiler version
configure:2708: gcc --version >&5
gcc (Ubuntu 4.3.2-1ubuntu11) 4.3.2
Copyright (C) 2008 Free Software Foundation, Inc.
This is free software; see the source for copying conditions.  There is NO
warranty; not even for MERCHANTABILITY or FITNESS FOR A PARTICULAR PURPOSE.

configure:2711: $? = 0
configure:2718: gcc -v >&5
Using built-in specs.
Target: i486-linux-gnu
Configured with: ../src/configure -v --with-pkgversion='Ubuntu 4.3.2-1ubuntu11' --with-bugurl=file:///usr/share/doc/gcc-4.3/README.Bugs --enable-languages=c,c++,fortran,objc,obj-c++ --prefix=/usr --enable-shared --with-system-zlib --libexecdir=/usr/lib --without-included-gettext --enable-threads=posix --enable-nls --with-gxx-include-dir=/usr/include/c++/4.3 --program-suffix=-4.3 --enable-clocale=gnu --enable-libstdcxx-debug --enable-objc-gc --enable-mpfr --enable-targets=all --enable-checking=release --build=i486-linux-gnu --host=i486-linux-gnu --target=i486-linux-gnu
Thread model: posix
gcc version 4.3.2 (Ubuntu 4.3.2-1ubuntu11) 
configure:2721: $? = 0
configure:2728: gcc -V >&5
gcc: '-V' option must have argument
configure:2731: $? = 1
configure:2754: checking for C compiler default output file name
configure:2781: gcc    conftest.c  >&5
configure:2784: $? = 0
configure:2822: result: a.out
configure:2839: checking whether the C compiler works
configure:2849: ./a.out
configure:2852: $? = 0
configure:2869: result: yes
configure:2876: checking whether we are cross compiling
configure:2878: result: no
configure:2881: checking for suffix of executables
configure:2888: gcc -o conftest    conftest.c  >&5
configure:2891: $? = 0
configure:2915: result: 
configure:2921: checking for suffix of object files
configure:2947: gcc -c   conftest.c >&5
configure:2950: $? = 0
configure:2973: result: o
configure:2977: checking whether we are using the GNU C compiler
configure:3006: gcc -c   conftest.c >&5
configure:3012: $? = 0
configure:3029: result: yes
configure:3034: checking whether gcc accepts -g
configure:3064: gcc -c -g  conftest.c >&5
configure:3070: $? = 0
configure:3169: result: yes
configure:3186: checking for gcc option to accept ISO C89
configure:3260: gcc  -c -g -O2  conftest.c >&5
configure:3266: $? = 0
configure:3289: result: none needed
configure:3309: checking dependency style of gcc
configure:3400: result: gcc3
configure:3416: checking whether gcc and cc understand -c and -o together
configure:3451: gcc -c conftest.c -o conftest2.o >&5
configure:3454: $? = 0
configure:3460: gcc -c conftest.c -o conftest2.o >&5
configure:3463: $? = 0
configure:3474: cc -c conftest.c >&5
configure:3477: $? = 0
configure:3485: cc -c conftest.c -o conftest2.o >&5
configure:3488: $? = 0
configure:3494: cc -c conftest.c -o conftest2.o >&5
configure:3497: $? = 0
configure:3515: result: yes
configure:3549: checking how to run the C preprocessor
configure:3589: gcc -E  conftest.c
configure:3595: $? = 0
configure:3626: gcc -E  conftest.c
conftest.c:10:28: error: ac_nonexistent.h: No such file or directory
configure:3632: $? = 1
configure: failed program was:
| /* confdefs.h.  */
| #define PACKAGE_NAME "lxde-settings-daemon"
| #define PACKAGE_TARNAME "lxde-settings-daemon"
| #define PACKAGE_VERSION "0.4"
| #define PACKAGE_STRING "lxde-settings-daemon 0.4"
| #define PACKAGE_BUGREPORT ""
| #define PACKAGE "lxde-settings-daemon"
| #define VERSION "0.4"
| /* end confdefs.h.  */
| #include <ac_nonexistent.h>
configure:3665: result: gcc -E
configure:3694: gcc -E  conftest.c
configure:3700: $? = 0
configure:3731: gcc -E  conftest.c
conftest.c:10:28: error: ac_nonexistent.h: No such file or directory
configure:3737: $? = 1
configure: failed program was:
| /* confdefs.h.  */
| #define PACKAGE_NAME "lxde-settings-daemon"
| #define PACKAGE_TARNAME "lxde-settings-daemon"
| #define PACKAGE_VERSION "0.4"
| #define PACKAGE_STRING "lxde-settings-daemon 0.4"
| #define PACKAGE_BUGREPORT ""
| #define PACKAGE "lxde-settings-daemon"
| #define VERSION "0.4"
| /* end confdefs.h.  */
| #include <ac_nonexistent.h>
configure:3775: checking for X
configure:3945: gcc -o conftest -g -O2   conftest.c -lX11  >&5
configure:3951: $? = 0
configure:4010: result: libraries , headers 
configure:4014: checking for grep that handles long lines and -e
configure:4088: result: /bin/grep
configure:4093: checking for egrep
configure:4171: result: /bin/grep -E
configure:4176: checking for ANSI C header files
configure:4206: gcc -c -g -O2  conftest.c >&5
configure:4212: $? = 0
configure:4311: gcc -o conftest -g -O2   conftest.c  >&5
configure:4314: $? = 0
configure:4320: ./conftest
configure:4323: $? = 0
configure:4340: result: yes
configure:4364: checking for sys/types.h
configure:4385: gcc -c -g -O2  conftest.c >&5
configure:4391: $? = 0
configure:4407: result: yes
configure:4364: checking for sys/stat.h
configure:4385: gcc -c -g -O2  conftest.c >&5
configure:4391: $? = 0
configure:4407: result: yes
configure:4364: checking for stdlib.h
configure:4385: gcc -c -g -O2  conftest.c >&5
configure:4391: $? = 0
configure:4407: result: yes
configure:4364: checking for string.h
configure:4385: gcc -c -g -O2  conftest.c >&5
configure:4391: $? = 0
configure:4407: result: yes
configure:4364: checking for memory.h
configure:4385: gcc -c -g -O2  conftest.c >&5
configure:4391: $? = 0
configure:4407: result: yes
configure:4364: checking for strings.h
configure:4385: gcc -c -g -O2  conftest.c >&5
configure:4391: $? = 0
configure:4407: result: yes
configure:4364: checking for inttypes.h
configure:4385: gcc -c -g -O2  conftest.c >&5
configure:4391: $? = 0
configure:4407: result: yes
configure:4364: checking for stdint.h
configure:4385: gcc -c -g -O2  conftest.c >&5
configure:4391: $? = 0
configure:4407: result: yes
configure:4364: checking for unistd.h
configure:4385: gcc -c -g -O2  conftest.c >&5
configure:4391: $? = 0
configure:4407: result: yes
configure:4437: checking locale.h usability
configure:4454: gcc -c -g -O2  conftest.c >&5
configure:4460: $? = 0
configure:4474: result: yes
configure:4478: checking locale.h presence
configure:4493: gcc -E  conftest.c
configure:4499: $? = 0
configure:4513: result: yes
configure:4541: checking for locale.h
configure:4549: result: yes
configure:4427: checking for stdlib.h
configure:4433: result: yes
configure:4427: checking for string.h
configure:4433: result: yes
configure:4427: checking for unistd.h
configure:4433: result: yes
configure:4564: checking for an ANSI C-conforming const
configure:4639: gcc -c -g -O2  conftest.c >&5
configure:4645: $? = 0
configure:4660: result: yes
configure:4670: checking for size_t
configure:4700: gcc -c -g -O2  conftest.c >&5
configure:4706: $? = 0
configure:4721: result: yes
configure:4740: checking for stdlib.h
configure:4746: result: yes
configure:4875: checking for GNU libc compatible malloc
configure:4909: gcc -o conftest -g -O2   conftest.c  >&5
configure:4912: $? = 0
configure:4918: ./conftest
configure:4921: $? = 0
configure:4937: result: yes
configure:4969: checking for setlocale
configure:5025: gcc -o conftest -g -O2   conftest.c  >&5
configure:5031: $? = 0
configure:5049: result: yes
configure:5109: checking for pkg-config
configure:5127: found /usr/bin/pkg-config
configure:5139: result: /usr/bin/pkg-config
configure:5168: checking pkg-config is at least version 0.9.0
configure:5171: result: yes
configure:5182: checking for GLIB
configure:5190: $PKG_CONFIG --exists --print-errors "glib-2.0 >= 2.6.0"
configure:5193: $? = 0
configure:5208: $PKG_CONFIG --exists --print-errors "glib-2.0 >= 2.6.0"
configure:5211: $? = 0
configure:5287: result: yes
configure:5410: creating ./config.status

## ---------------------- ##
## Running config.status. ##
## ---------------------- ##

This file was extended by lxde-settings-daemon config.status 0.4, which was
generated by GNU Autoconf 2.61.  Invocation command line was

  CONFIG_FILES    = 
  CONFIG_HEADERS  = 
  CONFIG_LINKS    = 
  CONFIG_COMMANDS = 
  $ ./config.status 

on thinkpad

config.status:641: creating Makefile
config.status:641: creating src/Makefile
config.status:641: creating config.h
config.status:921: executing depfiles commands

## ---------------- ##
## Cache variables. ##
## ---------------- ##

ac_cv_c_compiler_gnu=yes
ac_cv_c_const=yes
ac_cv_env_CC_set=
ac_cv_env_CC_value=
ac_cv_env_CFLAGS_set=
ac_cv_env_CFLAGS_value=
ac_cv_env_CPPFLAGS_set=
ac_cv_env_CPPFLAGS_value=
ac_cv_env_CPP_set=
ac_cv_env_CPP_value=
ac_cv_env_GLIB_CFLAGS_set=
ac_cv_env_GLIB_CFLAGS_value=
ac_cv_env_GLIB_LIBS_set=
ac_cv_env_GLIB_LIBS_value=
ac_cv_env_LDFLAGS_set=
ac_cv_env_LDFLAGS_value=
ac_cv_env_LIBS_set=
ac_cv_env_LIBS_value=
ac_cv_env_PKG_CONFIG_set=
ac_cv_env_PKG_CONFIG_value=
ac_cv_env_XMKMF_set=
ac_cv_env_XMKMF_value=
ac_cv_env_build_alias_set=
ac_cv_env_build_alias_value=
ac_cv_env_host_alias_set=
ac_cv_env_host_alias_value=
ac_cv_env_target_alias_set=
ac_cv_env_target_alias_value=
ac_cv_func_malloc_0_nonnull=yes
ac_cv_func_setlocale=yes
ac_cv_have_x='have_x=yes	ac_x_includes='\'''\''	ac_x_libraries='\'''\'''
ac_cv_header_inttypes_h=yes
ac_cv_header_locale_h=yes
ac_cv_header_memory_h=yes
ac_cv_header_stdc=yes
ac_cv_header_stdint_h=yes
ac_cv_header_stdlib_h=yes
ac_cv_header_string_h=yes
ac_cv_header_strings_h=yes
ac_cv_header_sys_stat_h=yes
ac_cv_header_sys_types_h=yes
ac_cv_header_unistd_h=yes
ac_cv_objext=o
ac_cv_path_EGREP='/bin/grep -E'
ac_cv_path_GREP=/bin/grep
ac_cv_path_ac_pt_PKG_CONFIG=/usr/bin/pkg-config
ac_cv_path_install='/usr/bin/install -c'
ac_cv_path_mkdir=/bin/mkdir
ac_cv_prog_AWK=mawk
ac_cv_prog_CPP='gcc -E'
ac_cv_prog_ac_ct_CC=gcc
ac_cv_prog_cc_c89=
ac_cv_prog_cc_g=yes
ac_cv_prog_cc_gcc_c_o=yes
ac_cv_prog_make_make_set=yes
ac_cv_type_size_t=yes
am_cv_CC_dependencies_compiler_type=gcc3
pkg_cv_GLIB_CFLAGS='-I/usr/include/glib-2.0 -I/usr/lib/glib-2.0/include  '
pkg_cv_GLIB_LIBS='-lglib-2.0  '

## ----------------- ##
## Output variables. ##
## ----------------- ##

ACLOCAL='${SHELL} /home/pcman/Projects/lxde/trunk/lxde-settings-daemon/missing --run aclocal-1.10'
AMDEPBACKSLASH='\'
AMDEP_FALSE='#'
AMDEP_TRUE=''
AMTAR='${SHELL} /home/pcman/Projects/lxde/trunk/lxde-settings-daemon/missing --run tar'
AUTOCONF='${SHELL} /home/pcman/Projects/lxde/trunk/lxde-settings-daemon/missing --run autoconf'
AUTOHEADER='${SHELL} /home/pcman/Projects/lxde/trunk/lxde-settings-daemon/missing --run autoheader'
AUTOMAKE='${SHELL} /home/pcman/Projects/lxde/trunk/lxde-settings-daemon/missing --run automake-1.10'
AWK='mawk'
CC='gcc'
CCDEPMODE='depmode=gcc3'
CFLAGS='-g -O2'
CPP='gcc -E'
CPPFLAGS=''
CYGPATH_W='echo'
DEFS='-DHAVE_CONFIG_H'
DEPDIR='.deps'
ECHO_C=''
ECHO_N='-n'
ECHO_T=''
EGREP='/bin/grep -E'
EXEEXT=''
GLIB_CFLAGS='-I/usr/include/glib-2.0 -I/usr/lib/glib-2.0/include  '
GLIB_LIBS='-lglib-2.0  '
GREP='/bin/grep'
INSTALL_DATA='${INSTALL} -m 644'
INSTALL_PROGRAM='${INSTALL}'
INSTALL_SCRIPT='${INSTALL}'
INSTALL_STRIP_PROGRAM='$(install_sh) -c -s'
LDFLAGS=''
LIBOBJS=''
LIBS=''
LN_S='ln -s'
LTLIBOBJS=''
MAKEINFO='${SHELL} /home/pcman/Projects/lxde/trunk/lxde-settings-daemon/missing --run makeinfo'
OBJEXT='o'
PACKAGE='lxde-settings-daemon'
PACKAGE_BUGREPORT=''
PACKAGE_NAME='lxde-settings-daemon'
PACKAGE_STRING='lxde-settings-daemon 0.4'
PACKAGE_TARNAME='lxde-settings-daemon'
PACKAGE_VERSION='0.4'
PATH_SEPARATOR=':'
PKG_CONFIG='/usr/bin/pkg-config'
SET_MAKE=''
SHELL='/bin/bash'
STRIP=''
VERSION='0.4'
XMKMF=''
ac_ct_CC='gcc'
am__fastdepCC_FALSE='#'
am__fastdepCC_TRUE=''
am__include='include'
am__isrc=''
am__leading_dot='.'
am__quote=''
am__tar='${AMTAR} chof - "$$tardir"'
am__untar='${AMTAR} xf -'
bindir='${exec_prefix}/bin'
build_alias=''
datadir='${datarootdir}'
datarootdir='${prefix}/share'
docdir='${datarootdir}/doc/${PACKAGE_TARNAME}'
dvidir='${docdir}'
exec_prefix='${prefix}'
host_alias=''
htmldir='${docdir}'
includedir='${prefix}/include'
infodir='${datarootdir}/info'
install_sh='$(SHELL) /home/pcman/Projects/lxde/trunk/lxde-settings-daemon/install-sh'
libdir='${exec_prefix}/lib'
libexecdir='${exec_prefix}/libexec'
localedir='${datarootdir}/locale'
localstatedir='${prefix}/var'
mandir='${datarootdir}/man'
mkdir_p='/bin/mkdir -p'
oldincludedir='/usr/include'
pdfdir='${docdir}'
prefix='/usr'
program_transform_name='s,x,x,'
psdir='${docdir}'
sbindir='${exec_prefix}/sbin'
sharedstatedir='${prefix}/com'
sysconfdir='${prefix}/etc'
target_alias=''

## ----------- ##
## confdefs.h. ##
## ----------- ##

#define PACKAGE_NAME "lxde-settings-daemon"
#define PACKAGE_TARNAME "lxde-settings-daemon"
#define PACKAGE_VERSION "0.4"
#define PACKAGE_STRING "lxde-settings-daemon 0.4"
#define PACKAGE_BUGREPORT ""
#define PACKAGE "lxde-settings-daemon"
#define VERSION "0.4"
#define STDC_HEADERS 1
#define HAVE_SYS_TYPES_H 1
#define HAVE_SYS_STAT_H 1
#define HAVE_STDLIB_H 1
#define HAVE_STRING_H 1
#define HAVE_MEMORY_H 1
#define HAVE_STRINGS_H 1
#define HAVE_INTTYPES_H 1
#define HAVE_STDINT_H 1
#define HAVE_UNISTD_H 1
#define HAVE_LOCALE_H 1
#define HAVE_STDLIB_H 1
#define HAVE_STRING_H 1
#define HAVE_UNISTD_H 1
#define HAVE_STDLIB_H 1
#define HAVE_MALLOC 1
#define HAVE_SETLOCALE 1

configure: exit 0
